<?xml version="1.0" encoding="UTF-8"?>
<!-- Generated by org.testng.reporters.JUnitReportReporter -->
<testsuite hostname="PC-20170506BMWW" name="seleniumBaidu.OpeBaidu" tests="1" failures="0" timestamp="12 Mar 2019 06:34:12 GMT" time="8.138" errors="0">
  <testcase name="open" time="8.138" classname="seleniumBaidu.OpeBaidu"/>
</testsuite> <!-- seleniumBaidu.OpeBaidu -->
